# JRE version: Java(TM) SE Runtime Environment (13.0.2+8) (build 13.0.2+8)
# Java VM: Java HotSpot(TM) 64-Bit Server VM (13.0.2+8, mixed mode, sharing, tiered, compressed oops, g1 gc, windows-amd64)
Heap:
 garbage-first heap   total 132096K, used 9207K [0x0000000702600000, 0x0000000800000000)
  region size 1024K, 1 young (1024K), 1 survivors (1024K)
 Metaspace       used 3007K, capacity 6124K, committed 6400K, reserved 1056768K
  class space    used 177K, capacity 495K, committed 512K, reserved 1048576K
GC Heap History (20 events):
Event: 200.979 GC heap after
{Heap after GC invocations=17772 (full 0):
 garbage-first heap   total 96256K, used 9164K [0x0000000702600000, 0x0000000800000000)
  region size 1024K, 1 young (1024K), 1 survivors (1024K)
 Metaspace       used 3007K, capacity 6124K, committed 6400K, reserved 1056768K
  class space    used 177K, capacity 495K, committed 512K, reserved 1048576K
}
Event: 201.003 GC heap before
{Heap before GC invocations=17773 (full 0):
 garbage-first heap   total 96256K, used 30668K [0x0000000702600000, 0x0000000800000000)
  region size 1024K, 8 young (8192K), 1 survivors (1024K)
 Metaspace       used 3007K, capacity 6124K, committed 6400K, reserved 1056768K
  class space    used 177K, capacity 495K, committed 512K, reserved 1048576K
}
Event: 201.003 GC heap after
{Heap after GC invocations=17774 (full 0):
 garbage-first heap   total 96256K, used 9171K [0x0000000702600000, 0x0000000800000000)
  region size 1024K, 1 young (1024K), 1 survivors (1024K)
 Metaspace       used 3007K, capacity 6124K, committed 6400K, reserved 1056768K
  class space    used 177K, capacity 495K, committed 512K, reserved 1048576K
}
Event: 201.027 GC heap before
{Heap before GC invocations=17775 (full 0):
 garbage-first heap   total 96256K, used 30675K [0x0000000702600000, 0x0000000800000000)
  region size 1024K, 8 young (8192K), 1 survivors (1024K)
 Metaspace       used 3007K, capacity 6124K, committed 6400K, reserved 1056768K
  class space    used 177K, capacity 495K, committed 512K, reserved 1048576K
}
Event: 201.027 GC heap after
{Heap after GC invocations=17776 (full 0):
 garbage-first heap   total 115712K, used 9173K [0x0000000702600000, 0x0000000800000000)
  region size 1024K, 1 young (1024K), 1 survivors (1024K)
 Metaspace       used 3007K, capacity 6124K, committed 6400K, reserved 1056768K
  class space    used 177K, capacity 495K, committed 512K, reserved 1048576K
}
Event: 201.050 GC heap before
{Heap before GC invocations=17777 (full 0):
 garbage-first heap   total 106496K, used 30677K [0x0000000702600000, 0x0000000800000000)
  region size 1024K, 8 young (8192K), 1 survivors (1024K)
 Metaspace       used 3007K, capacity 6124K, committed 6400K, reserved 1056768K
  class space    used 177K, capacity 495K, committed 512K, reserved 1048576K
}
Event: 201.050 GC heap after
{Heap after GC invocations=17778 (full 0):
 garbage-first heap   total 106496K, used 9178K [0x0000000702600000, 0x0000000800000000)
  region size 1024K, 1 young (1024K), 1 survivors (1024K)
 Metaspace       used 3007K, capacity 6124K, committed 6400K, reserved 1056768K
  class space    used 177K, capacity 495K, committed 512K, reserved 1048576K
}
Event: 201.074 GC heap before
{Heap before GC invocations=17779 (full 0):
 garbage-first heap   total 102400K, used 30682K [0x0000000702600000, 0x0000000800000000)
  region size 1024K, 8 young (8192K), 1 survivors (1024K)
 Metaspace       used 3007K, capacity 6124K, committed 6400K, reserved 1056768K
  class space    used 177K, capacity 495K, committed 512K, reserved 1048576K
}
Event: 201.074 GC heap after
{Heap after GC invocations=17780 (full 0):
 garbage-first heap   total 102400K, used 9184K [0x0000000702600000, 0x0000000800000000)
  region size 1024K, 1 young (1024K), 1 survivors (1024K)
 Metaspace       used 3007K, capacity 6124K, committed 6400K, reserved 1056768K
  class space    used 177K, capacity 495K, committed 512K, reserved 1048576K
}
Event: 201.091 GC heap before
{Heap before GC invocations=17781 (full 0):
 garbage-first heap   total 102400K, used 30688K [0x0000000702600000, 0x0000000800000000)
  region size 1024K, 8 young (8192K), 1 survivors (1024K)
 Metaspace       used 3007K, capacity 6124K, committed 6400K, reserved 1056768K
  class space    used 177K, capacity 495K, committed 512K, reserved 1048576K
}
Event: 201.092 GC heap after
{Heap after GC invocations=17782 (full 0):
 garbage-first heap   total 102400K, used 9185K [0x0000000702600000, 0x0000000800000000)
  region size 1024K, 1 young (1024K), 1 survivors (1024K)
 Metaspace       used 3007K, capacity 6124K, committed 6400K, reserved 1056768K
  class space    used 177K, capacity 495K, committed 512K, reserved 1048576K
}
Event: 201.114 GC heap before
{Heap before GC invocations=17783 (full 0):
 garbage-first heap   total 102400K, used 30689K [0x0000000702600000, 0x0000000800000000)
  region size 1024K, 8 young (8192K), 1 survivors (1024K)
 Metaspace       used 3007K, capacity 6124K, committed 6400K, reserved 1056768K
  class space    used 177K, capacity 495K, committed 512K, reserved 1048576K
}
Event: 201.115 GC heap after
{Heap after GC invocations=17784 (full 0):
 garbage-first heap   total 122880K, used 9191K [0x0000000702600000, 0x0000000800000000)
  region size 1024K, 1 young (1024K), 1 survivors (1024K)
 Metaspace       used 3007K, capacity 6124K, committed 6400K, reserved 1056768K
  class space    used 177K, capacity 495K, committed 512K, reserved 1048576K
}
Event: 201.136 GC heap before
{Heap before GC invocations=17785 (full 0):
 garbage-first heap   total 109568K, used 30695K [0x0000000702600000, 0x0000000800000000)
  region size 1024K, 8 young (8192K), 1 survivors (1024K)
 Metaspace       used 3007K, capacity 6124K, committed 6400K, reserved 1056768K
  class space    used 177K, capacity 495K, committed 512K, reserved 1048576K
}
Event: 201.137 GC heap after
{Heap after GC invocations=17786 (full 0):
 garbage-first heap   total 109568K, used 9196K [0x0000000702600000, 0x0000000800000000)
  region size 1024K, 1 young (1024K), 1 survivors (1024K)
 Metaspace       used 3007K, capacity 6124K, committed 6400K, reserved 1056768K
  class space    used 177K, capacity 495K, committed 512K, reserved 1048576K
}
Event: 201.160 GC heap before
{Heap before GC invocations=17787 (full 0):
 garbage-first heap   total 109568K, used 30700K [0x0000000702600000, 0x0000000800000000)
  region size 1024K, 8 young (8192K), 1 survivors (1024K)
 Metaspace       used 3007K, capacity 6124K, committed 6400K, reserved 1056768K
  class space    used 177K, capacity 495K, committed 512K, reserved 1048576K
}
Event: 201.160 GC heap after
{Heap after GC invocations=17788 (full 0):
 garbage-first heap   total 109568K, used 9198K [0x0000000702600000, 0x0000000800000000)
  region size 1024K, 1 young (1024K), 1 survivors (1024K)
 Metaspace       used 3007K, capacity 6124K, committed 6400K, reserved 1056768K
  class space    used 177K, capacity 495K, committed 512K, reserved 1048576K
}
Event: 201.189 GC heap before
{Heap before GC invocations=17789 (full 0):
 garbage-first heap   total 109568K, used 30702K [0x0000000702600000, 0x0000000800000000)
  region size 1024K, 8 young (8192K), 1 survivors (1024K)
 Metaspace       used 3007K, capacity 6124K, committed 6400K, reserved 1056768K
  class space    used 177K, capacity 495K, committed 512K, reserved 1048576K
}
Event: 201.189 GC heap after
{Heap after GC invocations=17790 (full 0):
 garbage-first heap   total 109568K, used 9201K [0x0000000702600000, 0x0000000800000000)
  region size 1024K, 1 young (1024K), 1 survivors (1024K)
 Metaspace       used 3007K, capacity 6124K, committed 6400K, reserved 1056768K
  class space    used 177K, capacity 495K, committed 512K, reserved 1048576K
}
Event: 201.215 GC heap before
{Heap before GC invocations=17791 (full 0):
 garbage-first heap   total 109568K, used 30705K [0x0000000702600000, 0x0000000800000000)
  region size 1024K, 8 young (8192K), 1 survivors (1024K)
 Metaspace       used 3007K, capacity 6124K, committed 6400K, reserved 1056768K
  class space    used 177K, capacity 495K, committed 512K, reserved 1048576K
}

