# JRE version: Java(TM) SE Runtime Environment (13.0.2+8) (build 13.0.2+8)
# Java VM: Java HotSpot(TM) 64-Bit Server VM (13.0.2+8, mixed mode, sharing, tiered, compressed oops, g1 gc, windows-amd64)
Heap:
 garbage-first heap   total 81920K, used 23663K [0x0000000702600000, 0x0000000800000000)
  region size 1024K, 6 young (6144K), 1 survivors (1024K)
 Metaspace       used 3003K, capacity 6124K, committed 6400K, reserved 1056768K
  class space    used 177K, capacity 495K, committed 512K, reserved 1048576K
GC Heap History (20 events):
Event: 129.964 GC heap before
{Heap before GC invocations=8801 (full 0):
 garbage-first heap   total 65536K, used 23659K [0x0000000702600000, 0x0000000800000000)
  region size 1024K, 6 young (6144K), 1 survivors (1024K)
 Metaspace       used 3003K, capacity 6124K, committed 6400K, reserved 1056768K
  class space    used 177K, capacity 495K, committed 512K, reserved 1048576K
}
Event: 129.965 GC heap after
{Heap after GC invocations=8802 (full 0):
 garbage-first heap   total 65536K, used 7275K [0x0000000702600000, 0x0000000800000000)
  region size 1024K, 1 young (1024K), 1 survivors (1024K)
 Metaspace       used 3003K, capacity 6124K, committed 6400K, reserved 1056768K
  class space    used 177K, capacity 495K, committed 512K, reserved 1048576K
}
Event: 129.981 GC heap before
{Heap before GC invocations=8803 (full 0):
 garbage-first heap   total 65536K, used 23659K [0x0000000702600000, 0x0000000800000000)
  region size 1024K, 6 young (6144K), 1 survivors (1024K)
 Metaspace       used 3003K, capacity 6124K, committed 6400K, reserved 1056768K
  class space    used 177K, capacity 495K, committed 512K, reserved 1048576K
}
Event: 129.982 GC heap after
{Heap after GC invocations=8804 (full 0):
 garbage-first heap   total 78848K, used 7275K [0x0000000702600000, 0x0000000800000000)
  region size 1024K, 1 young (1024K), 1 survivors (1024K)
 Metaspace       used 3003K, capacity 6124K, committed 6400K, reserved 1056768K
  class space    used 177K, capacity 495K, committed 512K, reserved 1048576K
}
Event: 129.998 GC heap before
{Heap before GC invocations=8805 (full 0):
 garbage-first heap   total 78848K, used 23659K [0x0000000702600000, 0x0000000800000000)
  region size 1024K, 6 young (6144K), 1 survivors (1024K)
 Metaspace       used 3003K, capacity 6124K, committed 6400K, reserved 1056768K
  class space    used 177K, capacity 495K, committed 512K, reserved 1048576K
}
Event: 129.998 GC heap after
{Heap after GC invocations=8806 (full 0):
 garbage-first heap   total 78848K, used 7275K [0x0000000702600000, 0x0000000800000000)
  region size 1024K, 1 young (1024K), 1 survivors (1024K)
 Metaspace       used 3003K, capacity 6124K, committed 6400K, reserved 1056768K
  class space    used 177K, capacity 495K, committed 512K, reserved 1048576K
}
Event: 130.014 GC heap before
{Heap before GC invocations=8807 (full 0):
 garbage-first heap   total 78848K, used 23659K [0x0000000702600000, 0x0000000800000000)
  region size 1024K, 6 young (6144K), 1 survivors (1024K)
 Metaspace       used 3003K, capacity 6124K, committed 6400K, reserved 1056768K
  class space    used 177K, capacity 495K, committed 512K, reserved 1048576K
}
Event: 130.015 GC heap after
{Heap after GC invocations=8808 (full 0):
 garbage-first heap   total 78848K, used 7277K [0x0000000702600000, 0x0000000800000000)
  region size 1024K, 1 young (1024K), 1 survivors (1024K)
 Metaspace       used 3003K, capacity 6124K, committed 6400K, reserved 1056768K
  class space    used 177K, capacity 495K, committed 512K, reserved 1048576K
}
Event: 130.031 GC heap before
{Heap before GC invocations=8809 (full 0):
 garbage-first heap   total 78848K, used 23661K [0x0000000702600000, 0x0000000800000000)
  region size 1024K, 6 young (6144K), 1 survivors (1024K)
 Metaspace       used 3003K, capacity 6124K, committed 6400K, reserved 1056768K
  class space    used 177K, capacity 495K, committed 512K, reserved 1048576K
}
Event: 130.031 GC heap after
{Heap after GC invocations=8810 (full 0):
 garbage-first heap   total 78848K, used 7275K [0x0000000702600000, 0x0000000800000000)
  region size 1024K, 1 young (1024K), 1 survivors (1024K)
 Metaspace       used 3003K, capacity 6124K, committed 6400K, reserved 1056768K
  class space    used 177K, capacity 495K, committed 512K, reserved 1048576K
}
Event: 130.049 GC heap before
{Heap before GC invocations=8811 (full 0):
 garbage-first heap   total 78848K, used 23659K [0x0000000702600000, 0x0000000800000000)
  region size 1024K, 6 young (6144K), 1 survivors (1024K)
 Metaspace       used 3003K, capacity 6124K, committed 6400K, reserved 1056768K
  class space    used 177K, capacity 495K, committed 512K, reserved 1048576K
}
Event: 130.049 GC heap after
{Heap after GC invocations=8812 (full 0):
 garbage-first heap   total 95232K, used 7279K [0x0000000702600000, 0x0000000800000000)
  region size 1024K, 1 young (1024K), 1 survivors (1024K)
 Metaspace       used 3003K, capacity 6124K, committed 6400K, reserved 1056768K
  class space    used 177K, capacity 495K, committed 512K, reserved 1048576K
}
Event: 130.065 GC heap before
{Heap before GC invocations=8813 (full 0):
 garbage-first heap   total 89088K, used 23663K [0x0000000702600000, 0x0000000800000000)
  region size 1024K, 6 young (6144K), 1 survivors (1024K)
 Metaspace       used 3003K, capacity 6124K, committed 6400K, reserved 1056768K
  class space    used 177K, capacity 495K, committed 512K, reserved 1048576K
}
Event: 130.065 GC heap after
{Heap after GC invocations=8814 (full 0):
 garbage-first heap   total 89088K, used 7279K [0x0000000702600000, 0x0000000800000000)
  region size 1024K, 1 young (1024K), 1 survivors (1024K)
 Metaspace       used 3003K, capacity 6124K, committed 6400K, reserved 1056768K
  class space    used 177K, capacity 495K, committed 512K, reserved 1048576K
}
Event: 130.092 GC heap before
{Heap before GC invocations=8815 (full 0):
 garbage-first heap   total 81920K, used 23663K [0x0000000702600000, 0x0000000800000000)
  region size 1024K, 6 young (6144K), 1 survivors (1024K)
 Metaspace       used 3003K, capacity 6124K, committed 6400K, reserved 1056768K
  class space    used 177K, capacity 495K, committed 512K, reserved 1048576K
}
Event: 130.092 GC heap after
{Heap after GC invocations=8816 (full 0):
 garbage-first heap   total 81920K, used 7277K [0x0000000702600000, 0x0000000800000000)
  region size 1024K, 1 young (1024K), 1 survivors (1024K)
 Metaspace       used 3003K, capacity 6124K, committed 6400K, reserved 1056768K
  class space    used 177K, capacity 495K, committed 512K, reserved 1048576K
}
Event: 130.162 GC heap before
{Heap before GC invocations=8817 (full 0):
 garbage-first heap   total 81920K, used 23661K [0x0000000702600000, 0x0000000800000000)
  region size 1024K, 6 young (6144K), 1 survivors (1024K)
 Metaspace       used 3003K, capacity 6124K, committed 6400K, reserved 1056768K
  class space    used 177K, capacity 495K, committed 512K, reserved 1048576K
}
Event: 130.163 GC heap after
{Heap after GC invocations=8818 (full 0):
 garbage-first heap   total 81920K, used 7279K [0x0000000702600000, 0x0000000800000000)
  region size 1024K, 1 young (1024K), 1 survivors (1024K)
 Metaspace       used 3003K, capacity 6124K, committed 6400K, reserved 1056768K
  class space    used 177K, capacity 495K, committed 512K, reserved 1048576K
}
Event: 132.582 GC heap before
{Heap before GC invocations=8819 (full 0):
 garbage-first heap   total 81920K, used 23663K [0x0000000702600000, 0x0000000800000000)
  region size 1024K, 6 young (6144K), 1 survivors (1024K)
 Metaspace       used 3003K, capacity 6124K, committed 6400K, reserved 1056768K
  class space    used 177K, capacity 495K, committed 512K, reserved 1048576K
}
Event: 132.583 GC heap after
{Heap after GC invocations=8820 (full 0):
 garbage-first heap   total 105472K, used 7279K [0x0000000702600000, 0x0000000800000000)
  region size 1024K, 1 young (1024K), 1 survivors (1024K)
 Metaspace       used 3003K, capacity 6124K, committed 6400K, reserved 1056768K
  class space    used 177K, capacity 495K, committed 512K, reserved 1048576K
}

