# JRE version: Java(TM) SE Runtime Environment (13.0.2+8) (build 13.0.2+8)
# Java VM: Java HotSpot(TM) 64-Bit Server VM (13.0.2+8, mixed mode, sharing, tiered, compressed oops, g1 gc, windows-amd64)
Heap:
 garbage-first heap   total 260096K, used 7352K [0x0000000700000000, 0x0000000800000000)
  region size 1024K, 6 young (6144K), 3 survivors (3072K)
 Metaspace       used 3567K, capacity 6540K, committed 6784K, reserved 1056768K
  class space    used 212K, capacity 527K, committed 640K, reserved 1048576K
GC Heap History (20 events):
Event: 51.090 GC heap before
{Heap before GC invocations=25 (full 0):
 garbage-first heap   total 260096K, used 157499K [0x0000000700000000, 0x0000000800000000)
  region size 1024K, 152 young (155648K), 2 survivors (2048K)
 Metaspace       used 3566K, capacity 6540K, committed 6784K, reserved 1056768K
  class space    used 212K, capacity 527K, committed 640K, reserved 1048576K
}
Event: 51.091 GC heap after
{Heap after GC invocations=26 (full 0):
 garbage-first heap   total 260096K, used 4015K [0x0000000700000000, 0x0000000800000000)
  region size 1024K, 2 young (2048K), 2 survivors (2048K)
 Metaspace       used 3566K, capacity 6540K, committed 6784K, reserved 1056768K
  class space    used 212K, capacity 527K, committed 640K, reserved 1048576K
}
Event: 52.882 GC heap before
{Heap before GC invocations=26 (full 0):
 garbage-first heap   total 260096K, used 157615K [0x0000000700000000, 0x0000000800000000)
  region size 1024K, 152 young (155648K), 2 survivors (2048K)
 Metaspace       used 3566K, capacity 6540K, committed 6784K, reserved 1056768K
  class space    used 212K, capacity 527K, committed 640K, reserved 1048576K
}
Event: 52.883 GC heap after
{Heap after GC invocations=27 (full 0):
 garbage-first heap   total 260096K, used 4140K [0x0000000700000000, 0x0000000800000000)
  region size 1024K, 2 young (2048K), 2 survivors (2048K)
 Metaspace       used 3566K, capacity 6540K, committed 6784K, reserved 1056768K
  class space    used 212K, capacity 527K, committed 640K, reserved 1048576K
}
Event: 54.630 GC heap before
{Heap before GC invocations=27 (full 0):
 garbage-first heap   total 260096K, used 157740K [0x0000000700000000, 0x0000000800000000)
  region size 1024K, 152 young (155648K), 2 survivors (2048K)
 Metaspace       used 3567K, capacity 6540K, committed 6784K, reserved 1056768K
  class space    used 212K, capacity 527K, committed 640K, reserved 1048576K
}
Event: 54.632 GC heap after
{Heap after GC invocations=28 (full 0):
 garbage-first heap   total 260096K, used 4200K [0x0000000700000000, 0x0000000800000000)
  region size 1024K, 2 young (2048K), 2 survivors (2048K)
 Metaspace       used 3567K, capacity 6540K, committed 6784K, reserved 1056768K
  class space    used 212K, capacity 527K, committed 640K, reserved 1048576K
}
Event: 56.161 GC heap before
{Heap before GC invocations=28 (full 0):
 garbage-first heap   total 260096K, used 157800K [0x0000000700000000, 0x0000000800000000)
  region size 1024K, 152 young (155648K), 2 survivors (2048K)
 Metaspace       used 3567K, capacity 6540K, committed 6784K, reserved 1056768K
  class space    used 212K, capacity 527K, committed 640K, reserved 1048576K
}
Event: 56.162 GC heap after
{Heap after GC invocations=29 (full 0):
 garbage-first heap   total 260096K, used 4419K [0x0000000700000000, 0x0000000800000000)
  region size 1024K, 2 young (2048K), 2 survivors (2048K)
 Metaspace       used 3567K, capacity 6540K, committed 6784K, reserved 1056768K
  class space    used 212K, capacity 527K, committed 640K, reserved 1048576K
}
Event: 57.640 GC heap before
{Heap before GC invocations=29 (full 0):
 garbage-first heap   total 260096K, used 158019K [0x0000000700000000, 0x0000000800000000)
  region size 1024K, 152 young (155648K), 2 survivors (2048K)
 Metaspace       used 3567K, capacity 6540K, committed 6784K, reserved 1056768K
  class space    used 212K, capacity 527K, committed 640K, reserved 1048576K
}
Event: 57.642 GC heap after
{Heap after GC invocations=30 (full 0):
 garbage-first heap   total 260096K, used 4413K [0x0000000700000000, 0x0000000800000000)
  region size 1024K, 2 young (2048K), 2 survivors (2048K)
 Metaspace       used 3567K, capacity 6540K, committed 6784K, reserved 1056768K
  class space    used 212K, capacity 527K, committed 640K, reserved 1048576K
}
Event: 59.112 GC heap before
{Heap before GC invocations=30 (full 0):
 garbage-first heap   total 260096K, used 158013K [0x0000000700000000, 0x0000000800000000)
  region size 1024K, 152 young (155648K), 2 survivors (2048K)
 Metaspace       used 3567K, capacity 6540K, committed 6784K, reserved 1056768K
  class space    used 212K, capacity 527K, committed 640K, reserved 1048576K
}
Event: 59.114 GC heap after
{Heap after GC invocations=31 (full 0):
 garbage-first heap   total 260096K, used 4664K [0x0000000700000000, 0x0000000800000000)
  region size 1024K, 2 young (2048K), 2 survivors (2048K)
 Metaspace       used 3567K, capacity 6540K, committed 6784K, reserved 1056768K
  class space    used 212K, capacity 527K, committed 640K, reserved 1048576K
}
Event: 60.641 GC heap before
{Heap before GC invocations=31 (full 0):
 garbage-first heap   total 260096K, used 158264K [0x0000000700000000, 0x0000000800000000)
  region size 1024K, 152 young (155648K), 2 survivors (2048K)
 Metaspace       used 3567K, capacity 6540K, committed 6784K, reserved 1056768K
  class space    used 212K, capacity 527K, committed 640K, reserved 1048576K
}
Event: 60.642 GC heap after
{Heap after GC invocations=32 (full 0):
 garbage-first heap   total 260096K, used 4830K [0x0000000700000000, 0x0000000800000000)
  region size 1024K, 3 young (3072K), 3 survivors (3072K)
 Metaspace       used 3567K, capacity 6540K, committed 6784K, reserved 1056768K
  class space    used 212K, capacity 527K, committed 640K, reserved 1048576K
}
Event: 62.169 GC heap before
{Heap before GC invocations=32 (full 0):
 garbage-first heap   total 260096K, used 157406K [0x0000000700000000, 0x0000000800000000)
  region size 1024K, 152 young (155648K), 3 survivors (3072K)
 Metaspace       used 3567K, capacity 6540K, committed 6784K, reserved 1056768K
  class space    used 212K, capacity 527K, committed 640K, reserved 1048576K
}
Event: 62.171 GC heap after
{Heap after GC invocations=33 (full 0):
 garbage-first heap   total 260096K, used 4960K [0x0000000700000000, 0x0000000800000000)
  region size 1024K, 3 young (3072K), 3 survivors (3072K)
 Metaspace       used 3567K, capacity 6540K, committed 6784K, reserved 1056768K
  class space    used 212K, capacity 527K, committed 640K, reserved 1048576K
}
Event: 63.780 GC heap before
{Heap before GC invocations=33 (full 0):
 garbage-first heap   total 260096K, used 157536K [0x0000000700000000, 0x0000000800000000)
  region size 1024K, 152 young (155648K), 3 survivors (3072K)
 Metaspace       used 3567K, capacity 6540K, committed 6784K, reserved 1056768K
  class space    used 212K, capacity 527K, committed 640K, reserved 1048576K
}
Event: 63.782 GC heap after
{Heap after GC invocations=34 (full 0):
 garbage-first heap   total 260096K, used 5095K [0x0000000700000000, 0x0000000800000000)
  region size 1024K, 3 young (3072K), 3 survivors (3072K)
 Metaspace       used 3567K, capacity 6540K, committed 6784K, reserved 1056768K
  class space    used 212K, capacity 527K, committed 640K, reserved 1048576K
}
Event: 65.271 GC heap before
{Heap before GC invocations=34 (full 0):
 garbage-first heap   total 260096K, used 157671K [0x0000000700000000, 0x0000000800000000)
  region size 1024K, 152 young (155648K), 3 survivors (3072K)
 Metaspace       used 3567K, capacity 6540K, committed 6784K, reserved 1056768K
  class space    used 212K, capacity 527K, committed 640K, reserved 1048576K
}
Event: 65.273 GC heap after
{Heap after GC invocations=35 (full 0):
 garbage-first heap   total 260096K, used 5304K [0x0000000700000000, 0x0000000800000000)
  region size 1024K, 3 young (3072K), 3 survivors (3072K)
 Metaspace       used 3567K, capacity 6540K, committed 6784K, reserved 1056768K
  class space    used 212K, capacity 527K, committed 640K, reserved 1048576K
}

